<?xml version="1.0" encoding="UTF-8"?>
<coverage generated="1422286825">
  <project timestamp="1422286825">
    <package name="KREDA\TestSuite\Tests\Client">
      <file name="D:\WebProject\KREDA-Sphere\TestSuite\Tests\Client/ConfigurationTest.php">
        <class name="ConfigurationTest" namespace="KREDA\TestSuite\Tests\Client" fullPackage="KREDA" package="KREDA">
          <metrics methods="1" coveredmethods="1" conditionals="0" coveredconditionals="0" statements="6" coveredstatements="6" elements="7" coveredelements="7"/>
        </class>
        <line num="13" type="method" name="testConfiguration" crap="1" count="1"/>
        <line num="16" type="stmt" count="1"/>
        <line num="18" type="stmt" count="1"/>
        <line num="20" type="stmt" count="1"/>
        <line num="21" type="stmt" count="1"/>
        <line num="22" type="stmt" count="1"/>
        <line num="25" type="stmt" count="1"/>
        <metrics loc="27" ncloc="20" classes="1" methods="1" coveredmethods="1" conditionals="0" coveredconditionals="0" statements="6" coveredstatements="6" elements="7" coveredelements="7"/>
      </file>
    </package>
    <metrics files="1" loc="27" ncloc="20" classes="1" methods="1" coveredmethods="1" conditionals="0" coveredconditionals="0" statements="6" coveredstatements="6" elements="7" coveredelements="7"/>
  </project>
</coverage>
