<?xml version="1.0" encoding="UTF-8"?>
<coverage generated="1421849970">
  <project timestamp="1421849970">
    <package name="KREDA\TestSuite\Tests\Application">
      <file name="D:\WebProject\KREDA-Sphere\TestSuite\Tests\Application/ApplicationTest.php">
        <class name="ApplicationTest" namespace="KREDA\TestSuite\Tests\Application" fullPackage="KREDA" package="KREDA">
          <metrics methods="1" coveredmethods="1" conditionals="0" coveredconditionals="0" statements="1" coveredstatements="1" elements="2" coveredelements="2"/>
        </class>
        <line num="12" type="method" name="testAbstractClass" crap="1" count="1"/>
        <line num="15" type="stmt" count="1"/>
        <metrics loc="17" ncloc="12" classes="1" methods="1" coveredmethods="1" conditionals="0" coveredconditionals="0" statements="1" coveredstatements="1" elements="2" coveredelements="2"/>
      </file>
    </package>
    <package name="KREDA\TestSuite\Tests\Application\Gatekeeper\Service">
      <file name="D:\WebProject\KREDA-Sphere\TestSuite\Tests\Application/Gatekeeper/Service/TokenTest.php">
        <class name="TokenTest" namespace="KREDA\TestSuite\Tests\Application\Gatekeeper\Service" fullPackage="KREDA" package="KREDA">
          <metrics methods="1" coveredmethods="1" conditionals="0" coveredconditionals="0" statements="1" coveredstatements="1" elements="2" coveredelements="2"/>
        </class>
        <line num="12" type="method" name="testConstructor" crap="1" count="1"/>
        <line num="15" type="stmt" count="1"/>
        <metrics loc="17" ncloc="12" classes="1" methods="1" coveredmethods="1" conditionals="0" coveredconditionals="0" statements="1" coveredstatements="1" elements="2" coveredelements="2"/>
      </file>
    </package>
    <metrics files="2" loc="34" ncloc="24" classes="2" methods="2" coveredmethods="2" conditionals="0" coveredconditionals="0" statements="2" coveredstatements="2" elements="4" coveredelements="4"/>
  </project>
</coverage>
